Arguments: 
  C:\Program Files\nodejs\node.exe C:\Users\Administrator\AppData\Roaming\npm\node_modules\yarn\bin\yarn.js add -D webpack wenpack-cli

PATH: 
  C:\Users\Administrator\AppData\Roaming\nvm;C:\Program Files\nodejs;C:\Program Files\Microsoft VS Code\bin;C:\Program Files\PuTTY\;C:\Windows\system32;C:Windows\System32;D:\MongoDB\bin;C:\Users\Administrator\AppData\Roaming\npm;C:\Users\Administrator\AppData\Roaming\nvm;C:\Program Files\nodejs;C:\Program Files\Microsoft VS Code\bin;C:\Users\Administrator\AppData\Local\Programs\Fiddler

Yarn version: 
  1.13.0

Node version: 
  8.11.2

Platform: 
  win32 x64

Trace: 
  Error: https://registry.npm.taobao.org/wenpack-cli: Not found
      at Request.params.callback [as _callback] (C:\Users\Administrator\AppData\Roaming\npm\node_modules\yarn\lib\cli.js:66255:18)
      at Request.self.callback (C:\Users\Administrator\AppData\Roaming\npm\node_modules\yarn\lib\cli.js:129397:22)
      at emitTwo (events.js:126:13)
      at Request.emit (events.js:214:7)
      at Request.<anonymous> (C:\Users\Administrator\AppData\Roaming\npm\node_modules\yarn\lib\cli.js:130369:10)
      at emitOne (events.js:116:13)
      at Request.emit (events.js:211:7)
      at IncomingMessage.<anonymous> (C:\Users\Administrator\AppData\Roaming\npm\node_modules\yarn\lib\cli.js:130291:12)
      at Object.onceWrapper (events.js:313:30)
      at emitNone (events.js:111:20)

npm manifest: 
  {
    "name": "vuex",
    "version": "1.0.0",
    "description": "",
    "main": "index.js",
    "scripts": {
      "build": "webpack"
    },
    "keywords": [],
    "author": "",
    "license": "ISC",
    "dependencies": {
      "vue": "^2.5.22",
      "vuex": "^3.1.0"
    }
  }

yarn manifest: 
  No manifest

Lockfile: 
  # THIS IS AN AUTOGENERATED FILE. DO NOT EDIT THIS FILE DIRECTLY.
  # yarn lockfile v1
  
  
  vue@^2.5.22:
    version "2.5.22"
    resolved "http://registry.npm.taobao.org/vue/download/vue-2.5.22.tgz#3bf88041af08b8539c37b268b70ca79245e9cc30"
    integrity sha1-O/iAQa8IuFOcN7JotwynkkXpzDA=
  
  vuex@^3.1.0:
    version "3.1.0"
    resolved "http://registry.npm.taobao.org/vuex/download/vuex-3.1.0.tgz#634b81515cf0cfe976bd1ffe9601755e51f843b9"
    integrity sha1-Y0uBUVzwz+l2vR/+lgF1XlH4Q7k=
